#
# There is insufficient memory for the Java Runtime Environment to continue.
# Native memory allocation (mmap) failed to map 65011712 bytes for G1 virtual space
# Possible reasons:
#   The system is out of physical RAM or swap space
#   The process is running with CompressedOops enabled, and the Java Heap may be blocking the growth of the native heap
# Possible solutions:
#   Reduce memory load on the system
#   Increase physical memory or swap space
#   Check if swap backing store is full
#   Decrease Java heap size (-Xmx/-Xms)
#   Decrease number of Java threads
#   Decrease Java thread stack sizes (-Xss)
#   Set larger code cache with -XX:ReservedCodeCacheSize=
#   JVM is running with Zero Based Compressed Oops mode in which the Java heap is
#     placed in the first 32GB address space. The Java Heap base address is the
#     maximum limit for the native heap growth. Please use -XX:HeapBaseMinAddress
#     to set the Java Heap base and to place the Java Heap above 32GB virtual address.
# This output file may be truncated or incomplete.
#
#  Out of Memory Error (os_windows.cpp:3466), pid=45388, tid=45048
#
# JRE version: OpenJDK Runtime Environment (16.0.2+7) (build 16.0.2+7-67)
# Java VM: OpenJDK 64-Bit Server VM (16.0.2+7-67, mixed mode, tiered, compressed oops, compressed class ptrs, g1 gc, windows-amd64)
# No core dump will be written. Minidumps are not enabled by default on client versions of Windows
#

---------------  S U M M A R Y ------------

Command Line: --module-path=C:\Program Files\Java\javafx-sdk-17.0.1\lib --add-modules=javafx.controls,javafx.fxml -Dfile.encoding=Cp1252 --module-path=C:\Program Files\Java\javafx-sdk-17.0.1\lib\javafx-swt.jar;C:\Program Files\Java\javafx-sdk-17.0.1\lib\javafx.base.jar;C:\Program Files\Java\javafx-sdk-17.0.1\lib\javafx.controls.jar;C:\Program Files\Java\javafx-sdk-17.0.1\lib\javafx.fxml.jar;C:\Program Files\Java\javafx-sdk-17.0.1\lib\javafx.graphics.jar;C:\Program Files\Java\javafx-sdk-17.0.1\lib\javafx.media.jar;C:\Program Files\Java\javafx-sdk-17.0.1\lib\javafx.swing.jar;C:\Program Files\Java\javafx-sdk-17.0.1\lib\javafx.web.jar;C:\Users\USERPC_071019\.p2\pool\plugins\org.eclipse.fx.ide.css.jfx8_3.7.0.202010120832.jar;C:\Users\USERPC_071019\Desktop\Breo\CIS\Project\jfoenix-9.0.10.jar -XX:+ShowCodeDetailsInExceptionMessages Main.GUI.GUI

Host: Intel(R) Core(TM) i7-3820QM CPU @ 2.70GHz, 8 cores, 11G,  Windows 10 , 64 bit Build 19041 (10.0.19041.1348)
Time: Tue Nov 23 06:20:35 2021 Sri Lanka Standard Time elapsed time: 58627.109158 seconds (0d 16h 17m 7s)

---------------  T H R E A D  ---------------

Current thread (0x0000010fffe12580):  VMThread "VM Thread" [stack: 0x0000000705e00000,0x0000000705f00000] [id=45048]

Stack: [0x0000000705e00000,0x0000000705f00000]
Native frames: (J=compiled Java code, j=interpreted, Vv=VM code, C=native code)
V  [jvm.dll+0x6681ca]
V  [jvm.dll+0x7c9e69]
V  [jvm.dll+0x7cb61e]
V  [jvm.dll+0x7cbc73]
V  [jvm.dll+0x242c55]
V  [jvm.dll+0x664f89]
V  [jvm.dll+0x659b75]
V  [jvm.dll+0x2fbfbb]
V  [jvm.dll+0x3031b6]
V  [jvm.dll+0x35299e]
V  [jvm.dll+0x352bcf]
V  [jvm.dll+0x2d3028]
V  [jvm.dll+0x2d0bb5]
V  [jvm.dll+0x2d01ec]
V  [jvm.dll+0x3152d2]
V  [jvm.dll+0x7d00ab]
V  [jvm.dll+0x7d0da4]
V  [jvm.dll+0x7d12a9]
V  [jvm.dll+0x7d1564]
V  [jvm.dll+0x7d1630]
V  [jvm.dll+0x7795aa]
V  [jvm.dll+0x667066]
C  [ucrtbase.dll+0x21bb2]
C  [KERNEL32.DLL+0x17034]
C  [ntdll.dll+0x52651]

VM_Operation (0x00000007083fe9a0): G1CollectForAllocation, mode: safepoint, requested by thread 0x0000010f83863b40


---------------  P R O C E S S  ---------------

Threads class SMR info:
_java_thread_list=0x0000010f8349d570, length=17, elements={
0x0000010f82812010, 0x0000010fffdeebe0, 0x0000010f82838b20, 0x0000010f8283a540,
0x0000010f8283b870, 0x0000010f82845f30, 0x0000010f82846840, 0x0000010f82847240,
0x0000010f828af2f0, 0x0000010f829ecf80, 0x0000010f834d00e0, 0x0000010f82ff6fb0,
0x0000010f835a54f0, 0x0000010f838630a0, 0x0000010f838620b0, 0x0000010f83863b40,
0x0000010f83862600
}

Java Threads: ( => current thread )
  0x0000010f82812010 JavaThread "Reference Handler" daemon [_thread_blocked, id=45024, stack(0x0000000705f00000,0x0000000706000000)]
  0x0000010fffdeebe0 JavaThread "Finalizer" daemon [_thread_blocked, id=45020, stack(0x0000000706000000,0x0000000706100000)]
  0x0000010f82838b20 JavaThread "Signal Dispatcher" daemon [_thread_blocked, id=43936, stack(0x0000000706100000,0x0000000706200000)]
  0x0000010f8283a540 JavaThread "Attach Listener" daemon [_thread_blocked, id=39856, stack(0x0000000706200000,0x0000000706300000)]
  0x0000010f8283b870 JavaThread "Service Thread" daemon [_thread_blocked, id=44184, stack(0x0000000706300000,0x0000000706400000)]
  0x0000010f82845f30 JavaThread "Monitor Deflation Thread" daemon [_thread_blocked, id=44176, stack(0x0000000706400000,0x0000000706500000)]
  0x0000010f82846840 JavaThread "C2 CompilerThread0" daemon [_thread_blocked, id=23784, stack(0x0000000706500000,0x0000000706600000)]
  0x0000010f82847240 JavaThread "C1 CompilerThread0" daemon [_thread_blocked, id=44912, stack(0x0000000706600000,0x0000000706700000)]
  0x0000010f828af2f0 JavaThread "Sweeper thread" daemon [_thread_blocked, id=44924, stack(0x0000000706700000,0x0000000706800000)]
  0x0000010f829ecf80 JavaThread "Common-Cleaner" daemon [_thread_blocked, id=43192, stack(0x0000000706800000,0x0000000706900000)]
  0x0000010f834d00e0 JavaThread "Notification Thread" daemon [_thread_blocked, id=43352, stack(0x0000000706b00000,0x0000000706c00000)]
  0x0000010f82ff6fb0 JavaThread "InvokeLaterDispatcher" daemon [_thread_blocked, id=44988, stack(0x0000000706a00000,0x0000000706b00000)]
  0x0000010f835a54f0 JavaThread "Thread-2" daemon [_thread_in_native, id=44620, stack(0x0000000707200000,0x0000000707300000)]
  0x0000010f838630a0 JavaThread "Prism Font Disposer" daemon [_thread_blocked, id=43372, stack(0x0000000707900000,0x0000000707a00000)]
  0x0000010f838620b0 JavaThread "Cleaner-0" daemon [_thread_blocked, id=43596, stack(0x0000000707d00000,0x0000000707e00000)]
  0x0000010f83863b40 JavaThread "Timer-0" [_thread_blocked, id=41336, stack(0x0000000708300000,0x0000000708400000)]
  0x0000010f83862600 JavaThread "DestroyJavaVM" [_thread_blocked, id=44052, stack(0x0000000705800000,0x0000000705900000)]

Other Threads:
=>0x0000010fffe12580 VMThread "VM Thread" [stack: 0x0000000705e00000,0x0000000705f00000] [id=45048]
  0x0000010f82b400d0 WatcherThread [stack: 0x0000000706c00000,0x0000000706d00000] [id=33764]
  0x0000010fe5b35b10 GCTaskThread "GC Thread#0" [stack: 0x0000000705900000,0x0000000705a00000] [id=44088]
  0x0000010f8341b100 GCTaskThread "GC Thread#1" [stack: 0x0000000707400000,0x0000000707500000] [id=45916]
  0x0000010f83471c50 GCTaskThread "GC Thread#2" [stack: 0x0000000707500000,0x0000000707600000] [id=43464]
  0x0000010f8341f3c0 GCTaskThread "GC Thread#3" [stack: 0x0000000707600000,0x0000000707700000] [id=44952]
  0x0000010f83476dc0 GCTaskThread "GC Thread#4" [stack: 0x0000000707700000,0x0000000707800000] [id=44528]
  0x0000010f834770d0 GCTaskThread "GC Thread#5" [stack: 0x0000000707800000,0x0000000707900000] [id=43404]
  0x0000010f839632d0 GCTaskThread "GC Thread#6" [stack: 0x0000000706900000,0x0000000706a00000] [id=25332]
  0x0000010f83ed1310 GCTaskThread "GC Thread#7" [stack: 0x0000000708100000,0x0000000708200000] [id=45924]
  0x0000010fe5b42a90 ConcurrentGCThread "G1 Main Marker" [stack: 0x0000000705a00000,0x0000000705b00000] [id=45036]
  0x0000010fe5b43df0 ConcurrentGCThread "G1 Conc#0" [stack: 0x0000000705b00000,0x0000000705c00000] [id=45052]
  0x0000010f838858f0 ConcurrentGCThread "G1 Conc#1" [stack: 0x0000000708200000,0x0000000708300000] [id=12740]
  0x0000010fe5bb5c90 ConcurrentGCThread "G1 Refine#0" [stack: 0x0000000705c00000,0x0000000705d00000] [id=44076]
  0x0000010fe5bb76b0 ConcurrentGCThread "G1 Service" [stack: 0x0000000705d00000,0x0000000705e00000] [id=11820]

Threads with active compile tasks:

VM state: at safepoint (normal execution)

VM Mutex/Monitor currently owned by a thread:  ([mutex/lock_event])
[0x0000010fe5aeb3f0] Threads_lock - owner thread: 0x0000010fffe12580
[0x0000010fe5aeaf70] Heap_lock - owner thread: 0x0000010f83863b40

Heap address: 0x0000000741c00000, size: 3044 MB, Compressed Oops mode: Zero based, Oop shift amount: 3

CDS disabled.
Compressed class space mapped at: 0x0000000800000000-0x0000000840000000, reserved size: 1073741824
Narrow klass base: 0x0000000800000000, Narrow klass shift: 0, Narrow klass range: 0x40000000

GC Precious Log:
 CPUs: 8 total, 8 available
 Memory: 12173M
 Large Page Support: Disabled
 NUMA Support: Disabled
 Compressed Oops: Enabled (Zero based)
 Heap Region Size: 2M
 Heap Min Capacity: 8M
 Heap Initial Capacity: 192M
 Heap Max Capacity: 3044M
 Pre-touch: Disabled
 Parallel Workers: 8
 Concurrent Workers: 2
 Concurrent Refinement Workers: 8
 Periodic GC: Disabled

Heap:
 garbage-first heap   total 53248K, used 19362K [0x0000000741c00000, 0x0000000800000000)
  region size 2048K, 1 young (2048K), 1 survivors (2048K)
 Metaspace       used 32060K, committed 32448K, reserved 1081344K
  class space    used 3936K, committed 4096K, reserved 1048576K

Heap Regions: E=young(eden), S=young(survivor), O=old, HS=humongous(starts), HC=humongous(continues), CS=collection set, F=free, OA=open archive, CA=closed archive, TAMS=top-at-mark-start (previous, next)
|   0|0x0000000741c00000, 0x0000000741db9c00, 0x0000000741e00000| 86%| O|  |TAMS 0x0000000741c00000, 0x0000000741c00000| Untracked 
|   1|0x0000000741e00000, 0x0000000742000000, 0x0000000742000000|100%|HS|  |TAMS 0x0000000742000000, 0x0000000741e00000| Complete 
|   2|0x0000000742000000, 0x0000000742000000, 0x0000000742200000|  0%| F|  |TAMS 0x0000000742000000, 0x0000000742000000| Untracked 
|   3|0x0000000742200000, 0x0000000742400000, 0x0000000742400000|100%|HS|  |TAMS 0x0000000742400000, 0x0000000742200000| Complete 
|   4|0x0000000742400000, 0x0000000742600000, 0x0000000742600000|100%| O|  |TAMS 0x0000000742600000, 0x0000000742400000| Complete 
|   5|0x0000000742600000, 0x0000000742600000, 0x0000000742800000|  0%| F|  |TAMS 0x0000000742600000, 0x0000000742600000| Untracked 
|   6|0x0000000742800000, 0x0000000742a00000, 0x0000000742a00000|100%| O|  |TAMS 0x000000074289ea00, 0x0000000742800000| Untracked 
|   7|0x0000000742a00000, 0x0000000742c00000, 0x0000000742c00000|100%| O|  |TAMS 0x0000000742c00000, 0x0000000742a00000| Untracked 
|   8|0x0000000742c00000, 0x0000000742e00000, 0x0000000742e00000|100%| O|  |TAMS 0x0000000742e00000, 0x0000000742c00000| Complete 
|   9|0x0000000742e00000, 0x0000000742e00000, 0x0000000743000000|  0%| F|  |TAMS 0x0000000742e00000, 0x0000000742e00000| Untracked 
|  10|0x0000000743000000, 0x0000000743200000, 0x0000000743200000|100%| O|  |TAMS 0x0000000743200000, 0x0000000743000000| Untracked 
|  11|0x0000000743200000, 0x0000000743200000, 0x0000000743400000|  0%| F|  |TAMS 0x0000000743200000, 0x0000000743200000| Untracked 
|  12|0x0000000743400000, 0x0000000743400000, 0x0000000743600000|  0%| F|  |TAMS 0x0000000743400000, 0x0000000743400000| Untracked 
|  13|0x0000000743600000, 0x0000000743600000, 0x0000000743800000|  0%| F|  |TAMS 0x0000000743600000, 0x0000000743600000| Untracked 
|  14|0x0000000743800000, 0x0000000743800000, 0x0000000743a00000|  0%| F|  |TAMS 0x0000000743800000, 0x0000000743800000| Untracked 
|  15|0x0000000743a00000, 0x0000000743a00000, 0x0000000743c00000|  0%| F|  |TAMS 0x0000000743a00000, 0x0000000743a00000| Untracked 
|  16|0x0000000743c00000, 0x0000000743c00000, 0x0000000743e00000|  0%| F|  |TAMS 0x0000000743c00000, 0x0000000743c00000| Untracked 
|  17|0x0000000743e00000, 0x0000000743e00000, 0x0000000744000000|  0%| F|  |TAMS 0x0000000743e00000, 0x0000000743e00000| Untracked 
|  18|0x0000000744000000, 0x0000000744000000, 0x0000000744200000|  0%| F|  |TAMS 0x0000000744000000, 0x0000000744000000| Untracked 
|  19|0x0000000744200000, 0x0000000744200000, 0x0000000744400000|  0%| F|  |TAMS 0x0000000744200000, 0x0000000744200000| Untracked 
|  20|0x0000000744400000, 0x0000000744400000, 0x0000000744600000|  0%| F|  |TAMS 0x0000000744400000, 0x0000000744400000| Untracked 
|  74|0x000000074b000000, 0x000000074b000000, 0x000000074b200000|  0%| F|  |TAMS 0x000000074b000000, 0x000000074b000000| Untracked 
|  75|0x000000074b200000, 0x000000074b200000, 0x000000074b400000|  0%| F|  |TAMS 0x000000074b200000, 0x000000074b200000| Untracked 
|  76|0x000000074b400000, 0x000000074b52ef90, 0x000000074b600000| 59%| S|CS|TAMS 0x000000074b400000, 0x000000074b400000| Complete 
|  95|0x000000074da00000, 0x000000074da00000, 0x000000074dc00000|  0%| F|  |TAMS 0x000000074da00000, 0x000000074da00000| Untracked 
|1521|0x00000007ffe00000, 0x0000000800000000, 0x0000000800000000|100%| O|  |TAMS 0x0000000800000000, 0x00000007ffe00000| Untracked 

Card table byte_map: [0x0000010ff8890000,0x0000010ff8e90000] _byte_map_base: 0x0000010ff4e82000

Marking Bits (Prev, Next): (CMBitMap*) 0x0000010fe5b36200, (CMBitMap*) 0x0000010fe5b36240
 Prev Bits: [0x0000010ff9490000, 0x0000010ffc420000)
 Next Bits: [0x0000010ffc420000, 0x0000010fff3b0000)

Polling page: 0x0000010fe38f0000

Metaspace:

Usage:
  Non-class:     27.47 MB used.
      Class:      3.84 MB used.
       Both:     31.31 MB used.

Virtual space:
  Non-class space:       32.00 MB reserved,      27.69 MB ( 87%) committed,  4 nodes.
      Class space:        1.00 GB reserved,       4.00 MB ( <1%) committed,  1 nodes.
              Both:        1.03 GB reserved,      31.69 MB (  3%) committed. 

Chunk freelists:
   Non-Class:  129.00 KB
       Class:  63.00 KB
        Both:  192.00 KB

MaxMetaspaceSize: 17179869184.00 GB
CompressedClassSpaceSize: 1.00 GB
 - commit_granule_bytes: 65536.
 - commit_granule_words: 8192.
 - virtual_space_node_default_size: 1048576.
 - enlarge_chunks_in_place: 1.
 - new_chunks_are_fully_committed: 0.
 - uncommit_free_chunks: 1.
 - use_allocation_guard: 0.
 - handle_deallocations: 1.


Internal statistics:

num_allocs_failed_limit: 3.
num_arena_births: 250.
num_arena_deaths: 102.
num_vsnodes_births: 5.
num_vsnodes_deaths: 0.
num_space_committed: 507.
num_space_uncommitted: 0.
num_chunks_returned_to_freelist: 126.
num_chunks_taken_from_freelist: 941.
num_chunk_merges: 45.
num_chunk_splits: 612.
num_chunks_enlarged: 452.
num_purges: 2.

CodeHeap 'non-profiled nmethods': size=120000Kb used=2201Kb max_used=2201Kb free=117798Kb
 bounds [0x0000010ff0b40000, 0x0000010ff0db0000, 0x0000010ff8070000]
CodeHeap 'profiled nmethods': size=120000Kb used=8406Kb max_used=8406Kb free=111593Kb
 bounds [0x0000010fe9610000, 0x0000010fe9e50000, 0x0000010ff0b40000]
CodeHeap 'non-nmethods': size=5760Kb used=1477Kb max_used=1509Kb free=4282Kb
 bounds [0x0000010fe9070000, 0x0000010fe92e0000, 0x0000010fe9610000]
 total_blobs=5126 nmethods=4287 adapters=749
 compilation: enabled
              stopped_count=0, restarted_count=0
 full_count=0

Compilation events (20 events):
Event: 8195.022 Thread 0x0000010f82847240 4287       3       com.sun.javafx.text.TextRun::isTab (15 bytes)
Event: 8195.023 Thread 0x0000010f82847240 nmethod 4287 0x0000010fe9e3cd10 code [0x0000010fe9e3cea0, 0x0000010fe9e3d018]
Event: 8195.023 Thread 0x0000010f82847240 4288       3       com.sun.javafx.text.TextRun::isBreak (16 bytes)
Event: 8195.023 Thread 0x0000010f82847240 nmethod 4288 0x0000010fe9e3d090 code [0x0000010fe9e3d220, 0x0000010fe9e3d398]
Event: 8251.023 Thread 0x0000010f82847240 4289   !   3       com.sun.javafx.text.PrismTextLayout::layout (1636 bytes)
Event: 8251.065 Thread 0x0000010f82847240 nmethod 4289 0x0000010fe9e3d410 code [0x0000010fe9e3dc20, 0x0000010fe9e43218]
Event: 9383.034 Thread 0x0000010f82846840 4290       4       java.util.ArrayList::toArray (57 bytes)
Event: 9383.053 Thread 0x0000010f82846840 nmethod 4290 0x0000010ff0d5ae90 code [0x0000010ff0d5b020, 0x0000010ff0d5b4b8]
Event: 9731.022 Thread 0x0000010f82846840 4291       4       com.sun.javafx.text.PrismTextLayout::buildRuns (85 bytes)
Event: 9731.037 Thread 0x0000010f82846840 nmethod 4291 0x0000010ff0d5b690 code [0x0000010ff0d5b840, 0x0000010ff0d5bf28]
Event: 9912.021 Thread 0x0000010f82846840 4292       4       com.sun.javafx.geom.RectBounds::<init> (14 bytes)
Event: 9912.022 Thread 0x0000010f82846840 nmethod 4292 0x0000010ff0d5c210 code [0x0000010ff0d5c380, 0x0000010ff0d5c418]
Event: 12308.871 Thread 0x0000010f82846840 4293  s    4       java.util.Hashtable::put (104 bytes)
Event: 12313.238 Thread 0x0000010f82846840 nmethod 4293 0x0000010ff0d5c510 code [0x0000010ff0d5c6e0, 0x0000010ff0d5cdd8]
Event: 12313.238 Thread 0x0000010f82846840 4295   !   4       com.sun.javafx.text.PrismTextLayout::layout (1636 bytes)
Event: 12318.942 Thread 0x0000010f82846840 nmethod 4295 0x0000010ff0d5d210 code [0x0000010ff0d5d640, 0x0000010ff0d62108]
Event: 12318.943 Thread 0x0000010f82846840 4296       4       com.sun.javafx.text.PrismTextLayout::isSimpleLayout (51 bytes)
Event: 12318.944 Thread 0x0000010f82846840 nmethod 4296 0x0000010ff0d65d90 code [0x0000010ff0d65f40, 0x0000010ff0d66018]
Event: 58607.820 Thread 0x0000010f82846840 4297 %s    4       java.util.Hashtable::clear @ 8 (38 bytes)
Event: 58610.042 Thread 0x0000010f82846840 nmethod 4297% 0x0000010ff0d66110 code [0x0000010ff0d662a0, 0x0000010ff0d66518]

GC Heap History (20 events):
Event: 21046.619 GC heap after
{Heap after GC invocations=16 (full 0):
 garbage-first heap   total 53248K, used 22263K [0x0000000741c00000, 0x0000000800000000)
  region size 2048K, 2 young (4096K), 2 survivors (4096K)
 Metaspace       used 32176K, committed 32448K, reserved 1081344K
  class space    used 3961K, committed 4096K, reserved 1048576K
}
Event: 58605.533 GC heap before
{Heap before GC invocations=16 (full 0):
 garbage-first heap   total 53248K, used 38647K [0x0000000741c00000, 0x0000000800000000)
  region size 2048K, 10 young (20480K), 2 survivors (4096K)
 Metaspace       used 32176K, committed 32448K, reserved 1081344K
  class space    used 3961K, committed 4096K, reserved 1048576K
}
Event: 58605.577 GC heap after
{Heap after GC invocations=17 (full 0):
 garbage-first heap   total 53248K, used 23251K [0x0000000741c00000, 0x0000000800000000)
  region size 2048K, 2 young (4096K), 2 survivors (4096K)
 Metaspace       used 32176K, committed 32448K, reserved 1081344K
  class space    used 3961K, committed 4096K, reserved 1048576K
}
Event: 58606.013 GC heap before
{Heap before GC invocations=17 (full 0):
 garbage-first heap   total 53248K, used 39635K [0x0000000741c00000, 0x0000000800000000)
  region size 2048K, 10 young (20480K), 2 survivors (4096K)
 Metaspace       used 32176K, committed 32448K, reserved 1081344K
  class space    used 3961K, committed 4096K, reserved 1048576K
}
Event: 58606.015 GC heap after
{Heap after GC invocations=18 (full 0):
 garbage-first heap   total 53248K, used 20520K [0x0000000741c00000, 0x0000000800000000)
  region size 2048K, 1 young (2048K), 1 survivors (2048K)
 Metaspace       used 32176K, committed 32448K, reserved 1081344K
  class space    used 3961K, committed 4096K, reserved 1048576K
}
Event: 58606.635 GC heap before
{Heap before GC invocations=18 (full 0):
 garbage-first heap   total 53248K, used 38952K [0x0000000741c00000, 0x0000000800000000)
  region size 2048K, 10 young (20480K), 1 survivors (2048K)
 Metaspace       used 32176K, committed 32448K, reserved 1081344K
  class space    used 3961K, committed 4096K, reserved 1048576K
}
Event: 58606.637 GC heap after
{Heap after GC invocations=19 (full 0):
 garbage-first heap   total 53248K, used 21260K [0x0000000741c00000, 0x0000000800000000)
  region size 2048K, 1 young (2048K), 1 survivors (2048K)
 Metaspace       used 32176K, committed 32448K, reserved 1081344K
  class space    used 3961K, committed 4096K, reserved 1048576K
}
Event: 58607.135 GC heap before
{Heap before GC invocations=19 (full 0):
 garbage-first heap   total 53248K, used 39692K [0x0000000741c00000, 0x0000000800000000)
  region size 2048K, 10 young (20480K), 1 survivors (2048K)
 Metaspace       used 32176K, committed 32448K, reserved 1081344K
  class space    used 3961K, committed 4096K, reserved 1048576K
}
Event: 58607.138 GC heap after
{Heap after GC invocations=20 (full 0):
 garbage-first heap   total 53248K, used 22265K [0x0000000741c00000, 0x0000000800000000)
  region size 2048K, 2 young (4096K), 2 survivors (4096K)
 Metaspace       used 32176K, committed 32448K, reserved 1081344K
  class space    used 3961K, committed 4096K, reserved 1048576K
}
Event: 58607.470 GC heap before
{Heap before GC invocations=20 (full 0):
 garbage-first heap   total 53248K, used 38649K [0x0000000741c00000, 0x0000000800000000)
  region size 2048K, 10 young (20480K), 2 survivors (4096K)
 Metaspace       used 32176K, committed 32448K, reserved 1081344K
  class space    used 3961K, committed 4096K, reserved 1048576K
}
Event: 58607.488 GC heap after
{Heap after GC invocations=21 (full 0):
 garbage-first heap   total 53248K, used 23309K [0x0000000741c00000, 0x0000000800000000)
  region size 2048K, 2 young (4096K), 2 survivors (4096K)
 Metaspace       used 32176K, committed 32448K, reserved 1081344K
  class space    used 3961K, committed 4096K, reserved 1048576K
}
Event: 58607.797 GC heap before
{Heap before GC invocations=21 (full 0):
 garbage-first heap   total 53248K, used 39693K [0x0000000741c00000, 0x0000000800000000)
  region size 2048K, 10 young (20480K), 2 survivors (4096K)
 Metaspace       used 32176K, committed 32448K, reserved 1081344K
  class space    used 3961K, committed 4096K, reserved 1048576K
}
Event: 58607.806 GC heap after
{Heap after GC invocations=22 (full 0):
 garbage-first heap   total 53248K, used 24308K [0x0000000741c00000, 0x0000000800000000)
  region size 2048K, 2 young (4096K), 2 survivors (4096K)
 Metaspace       used 32176K, committed 32448K, reserved 1081344K
  class space    used 3961K, committed 4096K, reserved 1048576K
}
Event: 58608.575 GC heap before
{Heap before GC invocations=22 (full 0):
 garbage-first heap   total 53248K, used 38644K [0x0000000741c00000, 0x0000000800000000)
  region size 2048K, 9 young (18432K), 2 survivors (4096K)
 Metaspace       used 32176K, committed 32448K, reserved 1081344K
  class space    used 3961K, committed 4096K, reserved 1048576K
}
Event: 58609.403 GC heap after
{Heap after GC invocations=23 (full 0):
 garbage-first heap   total 53248K, used 22211K [0x0000000741c00000, 0x0000000800000000)
  region size 2048K, 1 young (2048K), 1 survivors (2048K)
 Metaspace       used 32176K, committed 32448K, reserved 1081344K
  class space    used 3961K, committed 4096K, reserved 1048576K
}
Event: 58610.699 GC heap before
{Heap before GC invocations=23 (full 0):
 garbage-first heap   total 53248K, used 38595K [0x0000000741c00000, 0x0000000800000000)
  region size 2048K, 9 young (18432K), 1 survivors (2048K)
 Metaspace       used 32176K, committed 32448K, reserved 1081344K
  class space    used 3961K, committed 4096K, reserved 1048576K
}
Event: 58610.703 GC heap after
{Heap after GC invocations=24 (full 0):
 garbage-first heap   total 53248K, used 22909K [0x0000000741c00000, 0x0000000800000000)
  region size 2048K, 1 young (2048K), 1 survivors (2048K)
 Metaspace       used 32176K, committed 32448K, reserved 1081344K
  class space    used 3961K, committed 4096K, reserved 1048576K
}
Event: 58624.540 GC heap before
{Heap before GC invocations=25 (full 0):
 garbage-first heap   total 53248K, used 37245K [0x0000000741c00000, 0x0000000800000000)
  region size 2048K, 9 young (18432K), 1 survivors (2048K)
 Metaspace       used 32060K, committed 32448K, reserved 1081344K
  class space    used 3936K, committed 4096K, reserved 1048576K
}
Event: 58624.544 GC heap after
{Heap after GC invocations=26 (full 0):
 garbage-first heap   total 53248K, used 21835K [0x0000000741c00000, 0x0000000800000000)
  region size 2048K, 2 young (4096K), 2 survivors (4096K)
 Metaspace       used 32060K, committed 32448K, reserved 1081344K
  class space    used 3936K, committed 4096K, reserved 1048576K
}
Event: 58624.556 GC heap before
{Heap before GC invocations=26 (full 0):
 garbage-first heap   total 53248K, used 23883K [0x0000000741c00000, 0x0000000800000000)
  region size 2048K, 3 young (6144K), 2 survivors (4096K)
 Metaspace       used 32060K, committed 32448K, reserved 1081344K
  class space    used 3936K, committed 4096K, reserved 1048576K
}

Deoptimization events (20 events):
Event: 2615.875 Thread 0x0000010f83863b40 Uncommon trap: trap_request=0xffffffde fr.pc=0x0000010ff0d316b8 relative=0x0000000000000198
Event: 2615.875 Thread 0x0000010f83863b40 Uncommon trap: reason=class_check action=maybe_recompile pc=0x0000010ff0d316b8 method=java.lang.reflect.Array.newInstance(Ljava/lang/Class;I)Ljava/lang/Object; @ 2 c2
Event: 2615.875 Thread 0x0000010f83863b40 DEOPT PACKING pc=0x0000010ff0d316b8 sp=0x00000007083fe200
Event: 2615.875 Thread 0x0000010f83863b40 DEOPT UNPACKING pc=0x0000010fe90bd72e sp=0x00000007083fe110 mode 2
Event: 2615.875 Thread 0x0000010f83863b40 Uncommon trap: trap_request=0xffffffde fr.pc=0x0000010ff0d316b8 relative=0x0000000000000198
Event: 2615.876 Thread 0x0000010f83863b40 Uncommon trap: reason=class_check action=maybe_recompile pc=0x0000010ff0d316b8 method=java.lang.reflect.Array.newInstance(Ljava/lang/Class;I)Ljava/lang/Object; @ 2 c2
Event: 2615.876 Thread 0x0000010f83863b40 DEOPT PACKING pc=0x0000010ff0d316b8 sp=0x00000007083fe200
Event: 2615.876 Thread 0x0000010f83863b40 DEOPT UNPACKING pc=0x0000010fe90bd72e sp=0x00000007083fe110 mode 2
Event: 2616.874 Thread 0x0000010f83863b40 Uncommon trap: trap_request=0xffffffde fr.pc=0x0000010ff0d316b8 relative=0x0000000000000198
Event: 2616.874 Thread 0x0000010f83863b40 Uncommon trap: reason=class_check action=maybe_recompile pc=0x0000010ff0d316b8 method=java.lang.reflect.Array.newInstance(Ljava/lang/Class;I)Ljava/lang/Object; @ 2 c2
Event: 2616.874 Thread 0x0000010f83863b40 DEOPT PACKING pc=0x0000010ff0d316b8 sp=0x00000007083fe200
Event: 2616.874 Thread 0x0000010f83863b40 DEOPT UNPACKING pc=0x0000010fe90bd72e sp=0x00000007083fe110 mode 2
Event: 2616.874 Thread 0x0000010f83863b40 Uncommon trap: trap_request=0xffffffde fr.pc=0x0000010ff0d316b8 relative=0x0000000000000198
Event: 2616.874 Thread 0x0000010f83863b40 Uncommon trap: reason=class_check action=maybe_recompile pc=0x0000010ff0d316b8 method=java.lang.reflect.Array.newInstance(Ljava/lang/Class;I)Ljava/lang/Object; @ 2 c2
Event: 2616.874 Thread 0x0000010f83863b40 DEOPT PACKING pc=0x0000010ff0d316b8 sp=0x00000007083fe200
Event: 2616.874 Thread 0x0000010f83863b40 DEOPT UNPACKING pc=0x0000010fe90bd72e sp=0x00000007083fe110 mode 2
Event: 8188.022 Thread 0x0000010f83863b40 Uncommon trap: trap_request=0xffffff45 fr.pc=0x0000010ff0d29eb0 relative=0x0000000000003c10
Event: 8188.022 Thread 0x0000010f83863b40 Uncommon trap: reason=unstable_if action=reinterpret pc=0x0000010ff0d29eb0 method=com.sun.javafx.text.PrismTextLayout.layout()V @ 1576 c2
Event: 8188.022 Thread 0x0000010f83863b40 DEOPT PACKING pc=0x0000010ff0d29eb0 sp=0x00000007083fe810
Event: 8188.023 Thread 0x0000010f83863b40 DEOPT UNPACKING pc=0x0000010fe90bd72e sp=0x00000007083fe740 mode 2

Classes unloaded (20 events):
Event: 58610.732 Thread 0x0000010fffe12580 Unloading class 0x000000080018c800 'java/lang/invoke/LambdaForm$MH+0x000000080018c800'
Event: 58610.732 Thread 0x0000010fffe12580 Unloading class 0x000000080018c400 'java/lang/invoke/LambdaForm$MH+0x000000080018c400'
Event: 58610.732 Thread 0x0000010fffe12580 Unloading class 0x000000080018c000 'java/lang/invoke/LambdaForm$MH+0x000000080018c000'
Event: 58610.732 Thread 0x0000010fffe12580 Unloading class 0x00000008000e1000 'java/lang/invoke/LambdaForm$MH+0x00000008000e1000'
Event: 58610.732 Thread 0x0000010fffe12580 Unloading class 0x00000008000e0c00 'java/lang/invoke/LambdaForm$MH+0x00000008000e0c00'
Event: 58610.732 Thread 0x0000010fffe12580 Unloading class 0x00000008000e0400 'java/lang/invoke/LambdaForm$MH+0x00000008000e0400'
Event: 58610.732 Thread 0x0000010fffe12580 Unloading class 0x00000008000d4400 'java/lang/invoke/LambdaForm$MH+0x00000008000d4400'
Event: 58610.732 Thread 0x0000010fffe12580 Unloading class 0x00000008000d4000 'java/lang/invoke/LambdaForm$MH+0x00000008000d4000'
Event: 58610.732 Thread 0x0000010fffe12580 Unloading class 0x00000008000d3c00 'java/lang/invoke/LambdaForm$MH+0x00000008000d3c00'
Event: 58610.732 Thread 0x0000010fffe12580 Unloading class 0x00000008000d3800 'java/lang/invoke/LambdaForm$MH+0x00000008000d3800'
Event: 58610.732 Thread 0x0000010fffe12580 Unloading class 0x00000008000d3400 'java/lang/invoke/LambdaForm$MH+0x00000008000d3400'
Event: 58610.732 Thread 0x0000010fffe12580 Unloading class 0x00000008000d3000 'java/lang/invoke/LambdaForm$MH+0x00000008000d3000'
Event: 58610.732 Thread 0x0000010fffe12580 Unloading class 0x00000008000d2c00 'java/lang/invoke/LambdaForm$MH+0x00000008000d2c00'
Event: 58610.732 Thread 0x0000010fffe12580 Unloading class 0x00000008000d2800 'java/lang/invoke/LambdaForm$MH+0x00000008000d2800'
Event: 58610.732 Thread 0x0000010fffe12580 Unloading class 0x00000008000d2000 'java/lang/invoke/LambdaForm$MH+0x00000008000d2000'
Event: 58610.732 Thread 0x0000010fffe12580 Unloading class 0x00000008000d1800 'java/lang/invoke/LambdaForm$MH+0x00000008000d1800'
Event: 58610.732 Thread 0x0000010fffe12580 Unloading class 0x00000008000d1400 'java/lang/invoke/LambdaForm$MH+0x00000008000d1400'
Event: 58610.732 Thread 0x0000010fffe12580 Unloading class 0x00000008000d1000 'java/lang/invoke/LambdaForm$MH+0x00000008000d1000'
Event: 58610.732 Thread 0x0000010fffe12580 Unloading class 0x00000008000d0c00 'java/lang/invoke/LambdaForm$MH+0x00000008000d0c00'
Event: 58610.732 Thread 0x0000010fffe12580 Unloading class 0x00000008000d0400 'java/lang/invoke/LambdaForm$MH+0x00000008000d0400'

Classes redefined (0 events):
No events

Internal exceptions (20 events):
Event: 1.833 Thread 0x0000010f832a9040 Implicit null exception at 0x0000010ff0b96010 to 0x0000010ff0b96430
Event: 2.024 Thread 0x0000010f832a9040 Exception <a 'java/lang/NoSuchMethodError'{0x000000074c9c2b98}: 'java.lang.Object java.lang.invoke.DirectMethodHandle$Holder.invokeInterface(java.lang.Object, java.lang.Object, java.lang.Object)'> (0x000000074c9c2b98) 
thrown [t:\workspace\open\src\hotspot\share\interpreter\linkResolver.cpp, line 790]
Event: 2.025 Thread 0x0000010f832a9040 Exception <a 'java/lang/IncompatibleClassChangeError'{0x000000074c9c6718}: Found class java.lang.Object, but interface was expected> (0x000000074c9c6718) 
thrown [t:\workspace\open\src\hotspot\share\interpreter\linkResolver.cpp, line 857]
Event: 2.097 Thread 0x0000010f832a9040 Exception <a 'java/lang/ClassNotFoundException'{0x000000074c022730}: com/sun/javafx/scene/control/skin/resources/controls> (0x000000074c022730) 
thrown [t:\workspace\open\src\hotspot\share\prims\jni.cpp, line 600]
Event: 2.099 Thread 0x0000010f832a9040 Exception <a 'java/lang/ClassNotFoundException'{0x000000074c0306d0}: com/sun/javafx/scene/control/skin/resources/controls_en> (0x000000074c0306d0) 
thrown [t:\workspace\open\src\hotspot\share\prims\jni.cpp, line 600]
Event: 2.100 Thread 0x0000010f832a9040 Exception <a 'java/lang/ClassNotFoundException'{0x000000074c031cb0}: com/sun/javafx/scene/control/skin/resources/controls_en_US> (0x000000074c031cb0) 
thrown [t:\workspace\open\src\hotspot\share\prims\jni.cpp, line 600]
Event: 2.154 Thread 0x0000010f832a9040 Exception <a 'java/lang/NoSuchMethodError'{0x000000074c1ab748}: 'void java.lang.invoke.DirectMethodHandle$Holder.invokeSpecial(java.lang.Object, java.lang.Object, java.lang.Object, java.lang.Object, java.lang.Object, java.lang.Object)'> (0x000000074c1ab748) 
thrown [t:\workspace\open\src\hotspot\share\interpreter\linkResolver.cpp, line 790]
Event: 2.263 Thread 0x0000010f832a9040 Exception <a 'java/lang/NoSuchMethodError'{0x000000074bd17768}: 'java.lang.Object java.lang.invoke.DirectMethodHandle$Holder.newInvokeSpecial(java.lang.Object, java.lang.Object, int)'> (0x000000074bd17768) 
thrown [t:\workspace\open\src\hotspot\share\interpreter\linkResolver.cpp, line 790]
Event: 2.302 Thread 0x0000010f833805a0 Exception <a 'java/lang/NoSuchMethodError'{0x000000074ba1a5e0}: 'int java.lang.invoke.DirectMethodHandle$Holder.invokeStaticInit(java.lang.Object, java.lang.Object)'> (0x000000074ba1a5e0) 
thrown [t:\workspace\open\src\hotspot\share\interpreter\linkResolver.cpp, line 790]
Event: 2.982 Thread 0x0000010f832a9040 Exception <a 'java/lang/NoSuchMethodError'{0x000000074da21e78}: 'long java.lang.invoke.DirectMethodHandle$Holder.invokeStatic(java.lang.Object, java.lang.Object, java.lang.Object)'> (0x000000074da21e78) 
thrown [t:\workspace\open\src\hotspot\share\interpreter\linkResolver.cpp, line 790]
Event: 2.982 Thread 0x0000010f832a9040 Exception <a 'java/lang/NoSuchMethodError'{0x000000074da25828}: 'long java.lang.invoke.DirectMethodHandle$Holder.invokeStaticInit(java.lang.Object, java.lang.Object, java.lang.Object)'> (0x000000074da25828) 
thrown [t:\workspace\open\src\hotspot\share\interpreter\linkResolver.cpp, line 790]
Event: 2.987 Thread 0x0000010f832a9040 Exception <a 'java/lang/NoSuchMethodError'{0x000000074da3d748}: 'java.lang.Object java.lang.invoke.DirectMethodHandle$Holder.newInvokeSpecial(java.lang.Object, java.lang.Object, long)'> (0x000000074da3d748) 
thrown [t:\workspace\open\src\hotspot\share\interpreter\linkResolver.cpp, line 790]
Event: 2.987 Thread 0x0000010f832a9040 Exception <a 'java/lang/NoSuchMethodError'{0x000000074da414b8}: 'java.lang.Object java.lang.invoke.Invokers$Holder.linkToTargetMethod(java.lang.Object, long, java.lang.Object)'> (0x000000074da414b8) 
thrown [t:\workspace\open\src\hotspot\share\interpreter\linkResolver.cpp, line 790]
Event: 6.962 Thread 0x0000010f832a9040 Exception <a 'sun/nio/fs/WindowsException'{0x0000000743356530}> (0x0000000743356530) 
thrown [t:\workspace\open\src\hotspot\share\prims\jni.cpp, line 579]
Event: 6.987 Thread 0x0000010f832a9040 Exception <a 'java/lang/NoSuchMethodError'{0x000000074337cb48}: 'int java.lang.invoke.DirectMethodHandle$Holder.invokeStaticInit(java.lang.Object, java.lang.Object, java.lang.Object, java.lang.Object)'> (0x000000074337cb48) 
thrown [t:\workspace\open\src\hotspot\share\interpreter\linkResolver.cpp, line 790]
Event: 6.988 Thread 0x0000010f832a9040 Exception <a 'java/lang/NoSuchMethodError'{0x0000000743386ad8}: 'java.lang.Object java.lang.invoke.DirectMethodHandle$Holder.invokeInterface(java.lang.Object, java.lang.Object)'> (0x0000000743386ad8) 
thrown [t:\workspace\open\src\hotspot\share\interpreter\linkResolver.cpp, line 790]
Event: 6.989 Thread 0x0000010f832a9040 Exception <a 'java/lang/IncompatibleClassChangeError'{0x000000074338aa20}: Found class java.lang.Object, but interface was expected> (0x000000074338aa20) 
thrown [t:\workspace\open\src\hotspot\share\interpreter\linkResolver.cpp, line 857]
Event: 7.151 Thread 0x0000010f832a9040 Exception <a 'java/lang/NoSuchMethodError'{0x000000074b5578f8}: 'java.lang.Object java.lang.invoke.DirectMethodHandle$Holder.invokeStaticInit(java.lang.Object, int, int, int, int)'> (0x000000074b5578f8) 
thrown [t:\workspace\open\src\hotspot\share\interpreter\linkResolver.cpp, line 790]
Event: 7.225 Thread 0x0000010f832a9040 Exception <a 'java/lang/NoSuchMethodError'{0x000000074b57a018}: 'java.lang.Object java.lang.invoke.DirectMethodHandle$Holder.invokeStaticInit(java.lang.Object, java.lang.Object, int, int, int, int)'> (0x000000074b57a018) 
thrown [t:\workspace\open\src\hotspot\share\interpreter\linkResolver.cpp, line 790]
Event: 12.393 Thread 0x0000010f832a9040 Exception <a 'java/lang/NullPointerException'{0x0000000744186388}> (0x0000000744186388) 
thrown [t:\workspace\open\src\hotspot\share\interpreter\linkResolver.cpp, line 1385]

Events (20 events):
Event: 58606.015 Executing  VM operation: G1CollectForAllocation done
Event: 58606.635 Executing  VM operation: G1CollectForAllocation
Event: 58606.637 Executing  VM operation: G1CollectForAllocation done
Event: 58607.135 Executing  VM operation: G1CollectForAllocation
Event: 58607.139 Executing  VM operation: G1CollectForAllocation done
Event: 58607.470 Executing  VM operation: G1CollectForAllocation
Event: 58607.488 Executing  VM operation: G1CollectForAllocation done
Event: 58607.797 Executing  VM operation: G1CollectForAllocation
Event: 58607.806 Executing  VM operation: G1CollectForAllocation done
Event: 58608.349 Executing  VM operation: G1CollectForAllocation
Event: 58609.403 Executing  VM operation: G1CollectForAllocation done
Event: 58610.237 Executing  VM operation: G1CollectForAllocation
Event: 58610.703 Executing  VM operation: G1CollectForAllocation done
Event: 58610.728 Executing  VM operation: G1Concurrent
Event: 58616.310 Executing  VM operation: G1Concurrent done
Event: 58616.672 Executing  VM operation: G1Concurrent
Event: 58624.324 Executing  VM operation: G1Concurrent done
Event: 58624.371 Executing  VM operation: G1CollectForAllocation
Event: 58624.544 Executing  VM operation: G1CollectForAllocation done
Event: 58624.556 Executing  VM operation: G1CollectForAllocation


Dynamic libraries:
0x00007ff6ae590000 - 0x00007ff6ae59e000 	C:\Users\USERPC_071019\.p2\pool\plugins\org.eclipse.justj.openjdk.hotspot.jre.full.win32.x86_64_16.0.2.v20210721-1149\jre\bin\javaw.exe
0x00007ffd18390000 - 0x00007ffd18585000 	C:\Windows\SYSTEM32\ntdll.dll
0x00007ffd0f500000 - 0x00007ffd0f516000 	C:\Program Files\Avast Software\Avast\aswhook.dll
0x00007ffd18280000 - 0x00007ffd1833e000 	C:\Windows\System32\KERNEL32.DLL
0x00007ffd15ab0000 - 0x00007ffd15d78000 	C:\Windows\System32\KERNELBASE.dll
0x00007ffd15db0000 - 0x00007ffd15eb0000 	C:\Windows\System32\ucrtbase.dll
0x00007ffcfee30000 - 0x00007ffcfee48000 	C:\Users\USERPC_071019\.p2\pool\plugins\org.eclipse.justj.openjdk.hotspot.jre.full.win32.x86_64_16.0.2.v20210721-1149\jre\bin\jli.dll
0x00007ffd01c20000 - 0x00007ffd01c39000 	C:\Users\USERPC_071019\.p2\pool\plugins\org.eclipse.justj.openjdk.hotspot.jre.full.win32.x86_64_16.0.2.v20210721-1149\jre\bin\VCRUNTIME140.dll
0x00007ffd177c0000 - 0x00007ffd17961000 	C:\Windows\System32\USER32.dll
0x00007ffd15d80000 - 0x00007ffd15da2000 	C:\Windows\System32\win32u.dll
0x00007ffd09d80000 - 0x00007ffd0a01a000 	C:\Windows\WinSxS\amd64_microsoft.windows.common-controls_6595b64144ccf1df_6.0.19041.1110_none_60b5254171f9507e\COMCTL32.dll
0x00007ffd163e0000 - 0x00007ffd1640b000 	C:\Windows\System32\GDI32.dll
0x00007ffd17970000 - 0x00007ffd17a0e000 	C:\Windows\System32\msvcrt.dll
0x00007ffd162d0000 - 0x00007ffd163db000 	C:\Windows\System32\gdi32full.dll
0x00007ffd16020000 - 0x00007ffd160bd000 	C:\Windows\System32\msvcp_win.dll
0x00007ffd169a0000 - 0x00007ffd169d0000 	C:\Windows\System32\IMM32.DLL
0x00007ffd10150000 - 0x00007ffd1015c000 	C:\Users\USERPC_071019\.p2\pool\plugins\org.eclipse.justj.openjdk.hotspot.jre.full.win32.x86_64_16.0.2.v20210721-1149\jre\bin\vcruntime140_1.dll
0x00007ffce6f90000 - 0x00007ffce7021000 	C:\Users\USERPC_071019\.p2\pool\plugins\org.eclipse.justj.openjdk.hotspot.jre.full.win32.x86_64_16.0.2.v20210721-1149\jre\bin\msvcp140.dll
0x00007ffcd9db0000 - 0x00007ffcda95b000 	C:\Users\USERPC_071019\.p2\pool\plugins\org.eclipse.justj.openjdk.hotspot.jre.full.win32.x86_64_16.0.2.v20210721-1149\jre\bin\server\jvm.dll
0x00007ffd17410000 - 0x00007ffd174bc000 	C:\Windows\System32\ADVAPI32.dll
0x00007ffd17aa0000 - 0x00007ffd17b3b000 	C:\Windows\System32\sechost.dll
0x00007ffd17680000 - 0x00007ffd177aa000 	C:\Windows\System32\RPCRT4.dll
0x00007ffd18340000 - 0x00007ffd18348000 	C:\Windows\System32\PSAPI.DLL
0x00007ffd0bfd0000 - 0x00007ffd0bff7000 	C:\Windows\SYSTEM32\WINMM.dll
0x00007ffd04f70000 - 0x00007ffd04f79000 	C:\Windows\SYSTEM32\WSOCK32.dll
0x00007ffd0e960000 - 0x00007ffd0e96a000 	C:\Windows\SYSTEM32\VERSION.dll
0x00007ffd16f00000 - 0x00007ffd16f6b000 	C:\Windows\System32\WS2_32.dll
0x00007ffd139b0000 - 0x00007ffd139c2000 	C:\Windows\SYSTEM32\kernel.appcore.dll
0x00007ffd13180000 - 0x00007ffd1318a000 	C:\Users\USERPC_071019\.p2\pool\plugins\org.eclipse.justj.openjdk.hotspot.jre.full.win32.x86_64_16.0.2.v20210721-1149\jre\bin\jimage.dll
0x00007ffd0c760000 - 0x00007ffd0c944000 	C:\Windows\SYSTEM32\DBGHELP.DLL
0x00007ffd0c1c0000 - 0x00007ffd0c1ec000 	C:\Windows\SYSTEM32\dbgcore.DLL
0x00007ffd15eb0000 - 0x00007ffd15f33000 	C:\Windows\System32\bcryptPrimitives.dll
0x00007ffd11500000 - 0x00007ffd11525000 	C:\Users\USERPC_071019\.p2\pool\plugins\org.eclipse.justj.openjdk.hotspot.jre.full.win32.x86_64_16.0.2.v20210721-1149\jre\bin\java.dll
0x00007ffd114e0000 - 0x00007ffd114f8000 	C:\Users\USERPC_071019\.p2\pool\plugins\org.eclipse.justj.openjdk.hotspot.jre.full.win32.x86_64_16.0.2.v20210721-1149\jre\bin\zip.dll
0x00007ffd17b40000 - 0x00007ffd1827f000 	C:\Windows\System32\SHELL32.dll
0x00007ffd13bb0000 - 0x00007ffd14340000 	C:\Windows\SYSTEM32\windows.storage.dll
0x00007ffd16f70000 - 0x00007ffd172c5000 	C:\Windows\System32\combase.dll
0x00007ffd15490000 - 0x00007ffd154be000 	C:\Windows\SYSTEM32\Wldp.dll
0x00007ffd16890000 - 0x00007ffd1693d000 	C:\Windows\System32\SHCORE.dll
0x00007ffd16ea0000 - 0x00007ffd16ef5000 	C:\Windows\System32\shlwapi.dll
0x00007ffd159f0000 - 0x00007ffd15a0f000 	C:\Windows\SYSTEM32\profapi.dll
0x00007ffd10e60000 - 0x00007ffd10e79000 	C:\Users\USERPC_071019\.p2\pool\plugins\org.eclipse.justj.openjdk.hotspot.jre.full.win32.x86_64_16.0.2.v20210721-1149\jre\bin\net.dll
0x00007ffd0a3b0000 - 0x00007ffd0a4bc000 	C:\Windows\SYSTEM32\WINHTTP.dll
0x00007ffd15190000 - 0x00007ffd151fa000 	C:\Windows\system32\mswsock.dll
0x00007ffd10170000 - 0x00007ffd10183000 	C:\Users\USERPC_071019\.p2\pool\plugins\org.eclipse.justj.openjdk.hotspot.jre.full.win32.x86_64_16.0.2.v20210721-1149\jre\bin\nio.dll
0x0000010fe5aa0000 - 0x0000010fe5aa3000 	C:\Program Files\Java\javafx-sdk-17.0.1\bin\api-ms-win-core-console-l1-1-0.dll
0x0000010fe5ab0000 - 0x0000010fe5ab3000 	C:\Program Files\Java\javafx-sdk-17.0.1\bin\api-ms-win-core-console-l1-2-0.dll
0x0000010fe5ac0000 - 0x0000010fe5ac3000 	C:\Program Files\Java\javafx-sdk-17.0.1\bin\api-ms-win-core-datetime-l1-1-0.dll
0x0000010ffff30000 - 0x0000010ffff33000 	C:\Program Files\Java\javafx-sdk-17.0.1\bin\api-ms-win-core-debug-l1-1-0.dll
0x0000010ffff40000 - 0x0000010ffff43000 	C:\Program Files\Java\javafx-sdk-17.0.1\bin\api-ms-win-core-errorhandling-l1-1-0.dll
0x0000010ffff50000 - 0x0000010ffff54000 	C:\Program Files\Java\javafx-sdk-17.0.1\bin\api-ms-win-core-file-l1-1-0.dll
0x0000010ffff60000 - 0x0000010ffff63000 	C:\Program Files\Java\javafx-sdk-17.0.1\bin\api-ms-win-core-file-l1-2-0.dll
0x0000010ffff70000 - 0x0000010ffff73000 	C:\Program Files\Java\javafx-sdk-17.0.1\bin\api-ms-win-core-file-l2-1-0.dll
0x0000010ffff80000 - 0x0000010ffff83000 	C:\Program Files\Java\javafx-sdk-17.0.1\bin\api-ms-win-core-handle-l1-1-0.dll
0x0000010ffff90000 - 0x0000010ffff93000 	C:\Program Files\Java\javafx-sdk-17.0.1\bin\api-ms-win-core-heap-l1-1-0.dll
0x0000010ffffa0000 - 0x0000010ffffa3000 	C:\Program Files\Java\javafx-sdk-17.0.1\bin\api-ms-win-core-interlocked-l1-1-0.dll
0x0000010ffffb0000 - 0x0000010ffffb3000 	C:\Program Files\Java\javafx-sdk-17.0.1\bin\api-ms-win-core-libraryloader-l1-1-0.dll
0x0000010ffffc0000 - 0x0000010ffffc3000 	C:\Program Files\Java\javafx-sdk-17.0.1\bin\api-ms-win-core-localization-l1-2-0.dll
0x0000010ffffd0000 - 0x0000010ffffd3000 	C:\Program Files\Java\javafx-sdk-17.0.1\bin\api-ms-win-core-memory-l1-1-0.dll
0x0000010ffffe0000 - 0x0000010ffffe3000 	C:\Program Files\Java\javafx-sdk-17.0.1\bin\api-ms-win-core-namedpipe-l1-1-0.dll
0x0000010fffff0000 - 0x0000010fffff3000 	C:\Program Files\Java\javafx-sdk-17.0.1\bin\api-ms-win-core-processenvironment-l1-1-0.dll
0x0000010f843d0000 - 0x0000010f843d3000 	C:\Program Files\Java\javafx-sdk-17.0.1\bin\api-ms-win-core-processthreads-l1-1-0.dll
0x0000010f843e0000 - 0x0000010f843e3000 	C:\Program Files\Java\javafx-sdk-17.0.1\bin\api-ms-win-core-processthreads-l1-1-1.dll
0x0000010f843f0000 - 0x0000010f843f3000 	C:\Program Files\Java\javafx-sdk-17.0.1\bin\api-ms-win-core-profile-l1-1-0.dll
0x0000010f84400000 - 0x0000010f84403000 	C:\Program Files\Java\javafx-sdk-17.0.1\bin\api-ms-win-core-rtlsupport-l1-1-0.dll
0x0000010f84410000 - 0x0000010f84413000 	C:\Program Files\Java\javafx-sdk-17.0.1\bin\api-ms-win-core-string-l1-1-0.dll
0x0000010f84420000 - 0x0000010f84423000 	C:\Program Files\Java\javafx-sdk-17.0.1\bin\api-ms-win-core-synch-l1-1-0.dll
0x0000010f84430000 - 0x0000010f84433000 	C:\Program Files\Java\javafx-sdk-17.0.1\bin\api-ms-win-core-synch-l1-2-0.dll
0x0000010f84440000 - 0x0000010f84443000 	C:\Program Files\Java\javafx-sdk-17.0.1\bin\api-ms-win-core-sysinfo-l1-1-0.dll
0x0000010f84450000 - 0x0000010f84453000 	C:\Program Files\Java\javafx-sdk-17.0.1\bin\api-ms-win-core-timezone-l1-1-0.dll
0x0000010f84460000 - 0x0000010f84463000 	C:\Program Files\Java\javafx-sdk-17.0.1\bin\api-ms-win-core-util-l1-1-0.dll
0x0000010f84470000 - 0x0000010f84473000 	C:\Program Files\Java\javafx-sdk-17.0.1\bin\api-ms-win-crt-conio-l1-1-0.dll
0x0000010f84480000 - 0x0000010f84484000 	C:\Program Files\Java\javafx-sdk-17.0.1\bin\api-ms-win-crt-convert-l1-1-0.dll
0x0000010f84490000 - 0x0000010f84493000 	C:\Program Files\Java\javafx-sdk-17.0.1\bin\api-ms-win-crt-environment-l1-1-0.dll
0x0000010f844a0000 - 0x0000010f844a3000 	C:\Program Files\Java\javafx-sdk-17.0.1\bin\api-ms-win-crt-filesystem-l1-1-0.dll
0x0000010f844b0000 - 0x0000010f844b3000 	C:\Program Files\Java\javafx-sdk-17.0.1\bin\api-ms-win-crt-heap-l1-1-0.dll
0x0000010f844c0000 - 0x0000010f844c3000 	C:\Program Files\Java\javafx-sdk-17.0.1\bin\api-ms-win-crt-locale-l1-1-0.dll
0x0000010f844d0000 - 0x0000010f844d5000 	C:\Program Files\Java\javafx-sdk-17.0.1\bin\api-ms-win-crt-math-l1-1-0.dll
0x0000010f844e0000 - 0x0000010f844e5000 	C:\Program Files\Java\javafx-sdk-17.0.1\bin\api-ms-win-crt-multibyte-l1-1-0.dll
0x0000010f844f0000 - 0x0000010f84500000 	C:\Program Files\Java\javafx-sdk-17.0.1\bin\api-ms-win-crt-private-l1-1-0.dll
0x0000010f84500000 - 0x0000010f84503000 	C:\Program Files\Java\javafx-sdk-17.0.1\bin\api-ms-win-crt-process-l1-1-0.dll
0x0000010f84510000 - 0x0000010f84514000 	C:\Program Files\Java\javafx-sdk-17.0.1\bin\api-ms-win-crt-runtime-l1-1-0.dll
0x0000010f84520000 - 0x0000010f84524000 	C:\Program Files\Java\javafx-sdk-17.0.1\bin\api-ms-win-crt-stdio-l1-1-0.dll
0x0000010f84530000 - 0x0000010f84534000 	C:\Program Files\Java\javafx-sdk-17.0.1\bin\api-ms-win-crt-string-l1-1-0.dll
0x0000010f84540000 - 0x0000010f84543000 	C:\Program Files\Java\javafx-sdk-17.0.1\bin\api-ms-win-crt-time-l1-1-0.dll
0x0000010f84550000 - 0x0000010f84553000 	C:\Program Files\Java\javafx-sdk-17.0.1\bin\api-ms-win-crt-utility-l1-1-0.dll
0x00007ffcde2e0000 - 0x00007ffcde3dc000 	C:\Program Files\Java\javafx-sdk-17.0.1\bin\ucrtbase.dll
0x00007ffcfe560000 - 0x00007ffcfe57a000 	C:\Program Files\Java\javafx-sdk-17.0.1\bin\vcruntime140.dll
0x00007ffd0a940000 - 0x00007ffd0a94c000 	C:\Program Files\Java\javafx-sdk-17.0.1\bin\vcruntime140_1.dll
0x00007ffcdf170000 - 0x00007ffcdf1fd000 	C:\Program Files\Java\javafx-sdk-17.0.1\bin\msvcp140.dll
0x00007ffcfe4a0000 - 0x00007ffcfe4ca000 	C:\Program Files\Java\javafx-sdk-17.0.1\bin\prism_d3d.dll
0x00007ffcdf730000 - 0x00007ffcdf8fe000 	C:\Windows\system32\d3d9.dll
0x00007ffd136c0000 - 0x00007ffd136ef000 	C:\Windows\SYSTEM32\dwmapi.dll
0x00007ffd134b0000 - 0x00007ffd1354e000 	C:\Windows\system32\uxtheme.dll
0x00007ffcfe310000 - 0x00007ffcfe352000 	C:\Program Files\Java\javafx-sdk-17.0.1\bin\glass.dll
0x00007ffd172d0000 - 0x00007ffd173aa000 	C:\Windows\System32\COMDLG32.dll
0x00007ffd16d70000 - 0x00007ffd16e9a000 	C:\Windows\System32\ole32.dll
0x00007ffd169d0000 - 0x00007ffd16a9d000 	C:\Windows\System32\OLEAUT32.dll
0x00007ffd16c50000 - 0x00007ffd16d65000 	C:\Windows\System32\MSCTF.dll
0x00007ffcfe2b0000 - 0x00007ffcfe2c4000 	C:\Program Files\Java\javafx-sdk-17.0.1\bin\javafx_font.dll
0x00007ffd08b90000 - 0x00007ffd08e13000 	C:\Windows\SYSTEM32\dwrite.dll
0x00007ffd174c0000 - 0x00007ffd17569000 	C:\Windows\System32\clbcatq.dll
0x00007ffd0fad0000 - 0x00007ffd0fc84000 	C:\Windows\SYSTEM32\WindowsCodecs.dll
0x00007ffd15ff0000 - 0x00007ffd16017000 	C:\Windows\System32\bcrypt.dll
0x00007ffd11ed0000 - 0x00007ffd12134000 	C:\Windows\system32\d3d11.dll
0x00007ffd143a0000 - 0x00007ffd14494000 	C:\Windows\system32\dxgi.dll
0x00007ffd09560000 - 0x00007ffd09659000 	C:\Windows\SYSTEM32\textinputframework.dll
0x00007ffd128f0000 - 0x00007ffd12c4e000 	C:\Windows\System32\CoreUIComponents.dll
0x00007ffd12fd0000 - 0x00007ffd130c2000 	C:\Windows\System32\CoreMessaging.dll
0x00007ffd147a0000 - 0x00007ffd147d3000 	C:\Windows\SYSTEM32\ntmarta.dll
0x00007ffd11910000 - 0x00007ffd11a64000 	C:\Windows\SYSTEM32\wintypes.dll
0x00007ffd12140000 - 0x00007ffd12700000 	C:\Windows\SYSTEM32\d2d1.dll
0x00007ffd0cf90000 - 0x00007ffd0d686000 	C:\Windows\SYSTEM32\D3D10Warp.dll
0x00007ffd0cb80000 - 0x00007ffd0cbbb000 	C:\Windows\SYSTEM32\dxcore.dll
0x00007ffd16280000 - 0x00007ffd162ce000 	C:\Windows\System32\cfgmgr32.dll
0x00007ffd0c950000 - 0x00007ffd0c95e000 	C:\Users\USERPC_071019\.p2\pool\plugins\org.eclipse.justj.openjdk.hotspot.jre.full.win32.x86_64_16.0.2.v20210721-1149\jre\bin\sunmscapi.dll
0x00007ffd160c0000 - 0x00007ffd16216000 	C:\Windows\System32\CRYPT32.dll
0x00007ffd15500000 - 0x00007ffd15527000 	C:\Windows\SYSTEM32\ncrypt.dll
0x00007ffd154c0000 - 0x00007ffd154fb000 	C:\Windows\SYSTEM32\NTASN1.dll
0x00007ffd15390000 - 0x00007ffd153a8000 	C:\Windows\SYSTEM32\CRYPTSP.dll
0x00007ffd14b10000 - 0x00007ffd14b44000 	C:\Windows\system32\rsaenh.dll
0x00007ffd15970000 - 0x00007ffd1599e000 	C:\Windows\SYSTEM32\USERENV.dll
0x00007ffd15380000 - 0x00007ffd1538c000 	C:\Windows\SYSTEM32\CRYPTBASE.dll
0x00007ffd14e80000 - 0x00007ffd14ebb000 	C:\Windows\SYSTEM32\IPHLPAPI.DLL
0x00007ffd17a10000 - 0x00007ffd17a18000 	C:\Windows\System32\NSI.dll
0x00007ffd0b010000 - 0x00007ffd0b027000 	C:\Windows\SYSTEM32\dhcpcsvc6.DLL
0x00007ffd0c000000 - 0x00007ffd0c01d000 	C:\Windows\SYSTEM32\dhcpcsvc.DLL
0x00007ffd14ec0000 - 0x00007ffd14f8b000 	C:\Windows\SYSTEM32\DNSAPI.dll

dbghelp: loaded successfully - version: 4.0.5 - missing functions: none
symbol engine: initialized successfully - sym options: 0x614 - pdb path: .;C:\Users\USERPC_071019\.p2\pool\plugins\org.eclipse.justj.openjdk.hotspot.jre.full.win32.x86_64_16.0.2.v20210721-1149\jre\bin;C:\Windows\SYSTEM32;C:\Program Files\Avast Software\Avast;C:\Windows\WinSxS\amd64_microsoft.windows.common-controls_6595b64144ccf1df_6.0.19041.1110_none_60b5254171f9507e;C:\Users\USERPC_071019\.p2\pool\plugins\org.eclipse.justj.openjdk.hotspot.jre.full.win32.x86_64_16.0.2.v20210721-1149\jre\bin\server;C:\Program Files\Java\javafx-sdk-17.0.1\bin;C:\Program Files\Common Files\Microsoft Shared\Ink

VM Arguments:
jvm_args: --module-path=C:\Program Files\Java\javafx-sdk-17.0.1\lib --add-modules=javafx.controls,javafx.fxml -Dfile.encoding=Cp1252 --module-path=C:\Program Files\Java\javafx-sdk-17.0.1\lib\javafx-swt.jar;C:\Program Files\Java\javafx-sdk-17.0.1\lib\javafx.base.jar;C:\Program Files\Java\javafx-sdk-17.0.1\lib\javafx.controls.jar;C:\Program Files\Java\javafx-sdk-17.0.1\lib\javafx.fxml.jar;C:\Program Files\Java\javafx-sdk-17.0.1\lib\javafx.graphics.jar;C:\Program Files\Java\javafx-sdk-17.0.1\lib\javafx.media.jar;C:\Program Files\Java\javafx-sdk-17.0.1\lib\javafx.swing.jar;C:\Program Files\Java\javafx-sdk-17.0.1\lib\javafx.web.jar;C:\Users\USERPC_071019\.p2\pool\plugins\org.eclipse.fx.ide.css.jfx8_3.7.0.202010120832.jar;C:\Users\USERPC_071019\Desktop\Breo\CIS\Project\jfoenix-9.0.10.jar -XX:+ShowCodeDetailsInExceptionMessages 
java_command: Main.GUI.GUI
java_class_path (initial): C:\Users\USERPC_071019\git\HeartGame-3.0\HeartGame\bin
Launcher Type: SUN_STANDARD

[Global flags]
     intx CICompilerCount                          = 4                                         {product} {ergonomic}
     uint ConcGCThreads                            = 2                                         {product} {ergonomic}
     uint G1ConcRefinementThreads                  = 8                                         {product} {ergonomic}
   size_t G1HeapRegionSize                         = 2097152                                   {product} {ergonomic}
    uintx GCDrainStackTargetSize                   = 64                                        {product} {ergonomic}
   size_t InitialHeapSize                          = 201326592                                 {product} {ergonomic}
   size_t MarkStackSize                            = 4194304                                   {product} {ergonomic}
   size_t MaxHeapSize                              = 3191865344                                {product} {ergonomic}
   size_t MaxNewSize                               = 1914699776                                {product} {ergonomic}
   size_t MinHeapDeltaBytes                        = 2097152                                   {product} {ergonomic}
   size_t MinHeapSize                              = 8388608                                   {product} {ergonomic}
    uintx NonNMethodCodeHeapSize                   = 5839372                                {pd product} {ergonomic}
    uintx NonProfiledCodeHeapSize                  = 122909434                              {pd product} {ergonomic}
    uintx ProfiledCodeHeapSize                     = 122909434                              {pd product} {ergonomic}
    uintx ReservedCodeCacheSize                    = 251658240                              {pd product} {ergonomic}
     bool SegmentedCodeCache                       = true                                      {product} {ergonomic}
     bool ShowCodeDetailsInExceptionMessages       = true                                   {manageable} {command line}
   size_t SoftMaxHeapSize                          = 3191865344                             {manageable} {ergonomic}
     bool UseCompressedClassPointers               = true                           {product lp64_product} {ergonomic}
     bool UseCompressedOops                        = true                           {product lp64_product} {ergonomic}
     bool UseG1GC                                  = true                                      {product} {ergonomic}
     bool UseLargePagesIndividualAllocation        = false                                  {pd product} {ergonomic}

Logging:
Log output configuration:
 #0: stdout all=warning uptime,level,tags
 #1: stderr all=off uptime,level,tags

Environment Variables:
PATH=C:/Users/USERPC_071019/.p2/pool/plugins/org.eclipse.justj.openjdk.hotspot.jre.full.win32.x86_64_16.0.2.v20210721-1149/jre/bin/server;C:/Users/USERPC_071019/.p2/pool/plugins/org.eclipse.justj.openjdk.hotspot.jre.full.win32.x86_64_16.0.2.v20210721-1149/jre/bin;C:\Program Files\Common Files\Oracle\Java\javapath;C:\Windows\system32\WBEM;C:\WINDOWS\system32\WBEM;C:\WINDOWS\system32;C:\WINDOWS;C:\WINDOWS\System32\Wbem;C:\WINDOWS\System32\WindowsPowerShell\v1.0\;C:\WINDOWS\System32\OpenSSH\;C:\Users\USERPC_071019\AppData\Local\Microsoft\WindowsApps;C:\Windows\system32;C:\Windows;C:\Windows\System32\Wbem;C:\Windows\System32\WindowsPowerShell\v1.0\;C:\Windows\System32\OpenSSH\;C:\Program Files\Java\jdk-17.0.1;C:\Program Files\Java\javafx-sdk-17.0.1;;C:\Windows\System32;
USERNAME=USERPC_071019
OS=Windows_NT
PROCESSOR_IDENTIFIER=Intel64 Family 6 Model 58 Stepping 9, GenuineIntel



---------------  S Y S T E M  ---------------

OS:
 Windows 10 , 64 bit Build 19041 (10.0.19041.1348)
OS uptime: 3 days 18:22 hours

CPU: total 8 (initial active 8) (4 cores per cpu, 2 threads per core) family 6 model 58 stepping 9 microcode 0x21, cx8, cmov, fxsr, ht, mmx, sse, sse2, sse3, ssse3, sse4.1, sse4.2, popcnt, tsc, tscinvbit, avx, aes, erms, clmul, vzeroupper, clflush

Memory: 4k page, system-wide physical 12173M (2569M free)
TotalPageFile size 14590M (AvailPageFile size 57M)
current process WorkingSet (physical memory assigned to process): 126M, peak: 196M
current process commit charge ("private bytes"): 177M, peak: 349M

vm_info: OpenJDK 64-Bit Server VM (16.0.2+7-67) for windows-amd64 JRE (16.0.2+7-67), built on Jun  8 2021 23:21:43 by "mach5one" with MS VC++ 16.7 (VS2019)

END.
